<?xml version="1.0" encoding="UTF-8"?>
<!-- Generated by org.testng.reporters.JUnitReportReporter -->
<testsuite skipped="0" hostname="DESKTOP-DKS51S2" name="test.NewTest" tests="3" failures="0" timestamp="01 may 2019 18:14:12 GMT" time="0.015" errors="0">
  <testcase name="f2" time="0.015" classname="test.NewTest"/>
  <testcase name="f3" time="0.000" classname="test.NewTest"/>
  <testcase name="f" time="0.000" classname="test.NewTest"/>
</testsuite> <!-- test.NewTest -->
