<?xml version="1.0" encoding="UTF-8"?>
<!-- Generated by org.testng.reporters.JUnitReportReporter -->
<testsuite skipped="0" hostname="DESKTOP-DKS51S2" name="AutoITExample.UploadTest" tests="1" failures="0" timestamp="01 may 2019 14:27:30 GMT" time="26.562" errors="0">
  <testcase name="UploadPicture" time="26.562" classname="AutoITExample.UploadTest"/>
</testsuite> <!-- AutoITExample.UploadTest -->
