<?xml version="1.0" encoding="UTF-8"?>
<!-- Generated by org.testng.reporters.JUnitReportReporter -->
<testsuite skipped="0" hostname="DESKTOP-DKS51S2" name="TestCases.EnrolledCourses" tests="1" failures="0" timestamp="02 may 2019 00:10:25 GMT" time="8.781" errors="0">
  <testcase name="Test" time="8.781" classname="TestCases.EnrolledCourses"/>
</testsuite> <!-- TestCases.EnrolledCourses -->
