<?xml version="1.0" encoding="UTF-8"?>
<!-- Generated by org.testng.reporters.JUnitReportReporter -->
<testsuite skipped="0" hostname="DESKTOP-DKS51S2" name="testCases.blogsSelenium" tests="1" failures="0" timestamp="01 may 2019 18:50:36 GMT" time="0.003" errors="0">
  <testcase name="f" time="0.003" classname="testCases.blogsSelenium"/>
</testsuite> <!-- testCases.blogsSelenium -->
