<?xml version="1.0" encoding="UTF-8"?>
<!-- Generated by org.testng.reporters.JUnitReportReporter -->
<testsuite skipped="0" hostname="DESKTOP-DKS51S2" name="TestCases.seleniumBlogs" tests="1" failures="0" timestamp="02 may 2019 01:14:20 GMT" time="21.319" errors="0">
  <testcase name="seleniumBlogsTest" time="21.319" classname="TestCases.seleniumBlogs"/>
</testsuite> <!-- TestCases.seleniumBlogs -->
