<?xml version="1.0" encoding="UTF-8"?>
<!-- Generated by org.testng.reporters.JUnitReportReporter -->
<testsuite skipped="0" hostname="DESKTOP-DKS51S2" name="TestCases.NewTest" tests="1" failures="0" timestamp="01 may 2019 22:29:21 GMT" time="0.006" errors="0">
  <testcase name="EnrollCourse" time="0.006" classname="TestCases.NewTest"/>
</testsuite> <!-- TestCases.NewTest -->
