<?xml version="1.0" encoding="UTF-8"?>
<!-- Generated by org.testng.reporters.JUnitReportReporter -->
<testsuite skipped="0" hostname="DESKTOP-DKS51S2" name="seleniumMaven.TestingGoogleTitle" tests="1" failures="0" timestamp="30 abr 2019 22:43:30 GMT" time="0.017" errors="0">
  <testcase name="ValidateTitle" time="0.017" classname="seleniumMaven.TestingGoogleTitle"/>
</testsuite> <!-- seleniumMaven.TestingGoogleTitle -->
