<?xml version="1.0" encoding="UTF-8"?>
<!-- Generated by org.testng.reporters.JUnitReportReporter -->
<testsuite skipped="0" hostname="DESKTOP-DKS51S2" name="mavenTest.NewTest" tests="1" failures="0" timestamp="30 abr 2019 22:05:58 GMT" time="11.292" errors="0">
  <testcase name="testEasy" time="11.292" classname="mavenTest.NewTest"/>
</testsuite> <!-- mavenTest.NewTest -->
